Using pre-set license
Built from '2021.1/staging' branch; Version is '2021.1.6f1 (c0fade0cc7e9) revision 12647134'; Using compiler version '192528614'; Build Type 'Release'
OS: 'Windows 10 Pro; OS build 19045.2486; Version 2009; 64bit' Language: 'ru' Physical Memory: 7805 MB
BatchMode: 1, IsHumanControllingUs: 0, StartBugReporterOnCrash: 0, Is64bit: 1, IsPro: 0

 COMMAND LINE ARGUMENTS:
C:\Program Files\Unity 2021.1.6f1\Editor\Unity.exe
-adb2
-batchMode
-noUpm
-name
AssetImportWorker5
-projectPath
G:/Учеба/C#/Unity задачи/Zenject
-logFile
Logs/AssetImportWorker5.log
-srvPort
53191
Successfully changed project path to: G:/Учеба/C#/Unity задачи/Zenject
G:/Учеба/C#/Unity задачи/Zenject
Using Asset Import Pipeline V2.
Refreshing native plugins compatible for Editor in 310.37 ms, found 2 plugins.
Preloading 0 native plugins for Editor in 0.00 ms.
Initialize engine version: 2021.1.6f1 (c0fade0cc7e9)
[Subsystems] Discovering subsystems at path C:/Program Files/Unity 2021.1.6f1/Editor/Data/Resources/UnitySubsystems
[Subsystems] Discovering subsystems at path G:/Учеба/C#/Unity задачи/Zenject/Assets
GfxDevice: creating device client; threaded=0; jobified=0
Direct3D:
    Version:  Direct3D 11.0 [level 11.0]
    Renderer: Intel(R) HD Graphics (ID=0x156)
    Vendor:   Intel
    VRAM:     128 MB
    Driver:   10.18.10.5161
Initialize mono
Mono path[0] = 'C:/Program Files/Unity 2021.1.6f1/Editor/Data/Managed'
Mono path[1] = 'C:/Program Files/Unity 2021.1.6f1/Editor/Data/MonoBleedingEdge/lib/mono/unityjit'
Mono config path = 'C:/Program Files/Unity 2021.1.6f1/Editor/Data/MonoBleedingEdge/etc'
Using monoOptions --debugger-agent=transport=dt_socket,embedding=1,server=y,suspend=n,address=127.0.0.1:56520
Begin MonoManager ReloadAssembly
Registering precompiled unity dll's ...
Register platform support module: C:/Program Files/Unity 2021.1.6f1/Editor/Data/PlaybackEngines/WindowsStandaloneSupport/UnityEditor.WindowsStandalone.Extensions.dll
Registered in 0.005560 seconds.
Native extension for WindowsStandalone target not found
Refreshing native plugins compatible for Editor in 276.06 ms, found 2 plugins.
Preloading 0 native plugins for Editor in 0.00 ms.
Mono: successfully reloaded assembly
- Completed reload, in  2.945 seconds
Platform modules already initialized, skipping
Registering precompiled user dll's ...
Registered in 0.011132 seconds.
Begin MonoManager ReloadAssembly
Native extension for WindowsStandalone target not found
Refreshing native plugins compatible for Editor in 276.96 ms, found 2 plugins.
Preloading 0 native plugins for Editor in 0.00 ms.
Mono: successfully reloaded assembly
- Completed reload, in  3.337 seconds
Platform modules already initialized, skipping
========================================================================
Worker process is ready to serve import requests
Launched and connected shader compiler UnityShaderCompiler.exe after 0.27 seconds
Refreshing native plugins compatible for Editor in 1.37 ms, found 2 plugins.
Preloading 0 native plugins for Editor in 0.00 ms.
Unloading 3957 Unused Serialized files (Serialized files now loaded: 0)
System memory in use before: 143.4 MB.
System memory in use after: 143.5 MB.

Unloading 34 unused Assets to reduce memory usage. Loaded Objects now: 4404.
Total: 6.685300 ms (FindLiveObjects: 0.705500 ms CreateObjectMapping: 0.529100 ms MarkObjects: 5.226900 ms  DeleteObjects: 0.221000 ms)

========================================================================
Received Import Request.
  path: Assets/Scripts/GameConfig.cs
  artifactKey: Guid(4622c0bfa9ebf9740ae3abdc4d165c5f) Importer(815301076,1909f56bfc062723c751e8b465ee728b)
Start importing Assets/Scripts/GameConfig.cs using Guid(4622c0bfa9ebf9740ae3abdc4d165c5f) Importer(815301076,1909f56bfc062723c751e8b465ee728b)  -> (artifact id: 'cf7b1fc9ff37b800ec1c55e0a82fe065') in 0.051413 seconds 
========================================================================
Received Prepare
Registering precompiled user dll's ...
Registered in 0.010387 seconds.
Begin MonoManager ReloadAssembly
Native extension for WindowsStandalone target not found
Refreshing native plugins compatible for Editor in 1.75 ms, found 2 plugins.
Preloading 0 native plugins for Editor in 0.00 ms.
Mono: successfully reloaded assembly
- Completed reload, in  2.939 seconds
Platform modules already initialized, skipping
Refreshing native plugins compatible for Editor in 1.35 ms, found 2 plugins.
Preloading 0 native plugins for Editor in 0.00 ms.
Unloading 3949 Unused Serialized files (Serialized files now loaded: 0)
System memory in use before: 143.6 MB.
System memory in use after: 143.7 MB.

Unloading 22 unused Assets to reduce memory usage. Loaded Objects now: 4408.
Total: 5.237800 ms (FindLiveObjects: 0.658600 ms CreateObjectMapping: 0.631200 ms MarkObjects: 3.760900 ms  DeleteObjects: 0.184500 ms)

========================================================================
Received Import Request.
  Time since last request: 61.282105 seconds.
  path: Assets/Scripts/GameConfig.cs
  artifactKey: Guid(4622c0bfa9ebf9740ae3abdc4d165c5f) Importer(815301076,1909f56bfc062723c751e8b465ee728b)
Start importing Assets/Scripts/GameConfig.cs using Guid(4622c0bfa9ebf9740ae3abdc4d165c5f) Importer(815301076,1909f56bfc062723c751e8b465ee728b)  -> (artifact id: '39bcea263a9963d5389bae67ac079f2a') in 0.015747 seconds 
========================================================================
Received Prepare
Registering precompiled user dll's ...
Registered in 0.020974 seconds.
Begin MonoManager ReloadAssembly
Native extension for WindowsStandalone target not found
Refreshing native plugins compatible for Editor in 1.42 ms, found 2 plugins.
Preloading 0 native plugins for Editor in 0.00 ms.
Mono: successfully reloaded assembly
- Completed reload, in  4.110 seconds
Platform modules already initialized, skipping
Refreshing native plugins compatible for Editor in 1.21 ms, found 2 plugins.
Preloading 0 native plugins for Editor in 0.00 ms.
Unloading 3949 Unused Serialized files (Serialized files now loaded: 0)
System memory in use before: 143.6 MB.
System memory in use after: 143.8 MB.

Unloading 22 unused Assets to reduce memory usage. Loaded Objects now: 4412.
Total: 6.475100 ms (FindLiveObjects: 0.653000 ms CreateObjectMapping: 1.432000 ms MarkObjects: 4.185000 ms  DeleteObjects: 0.202300 ms)

========================================================================
Received Import Request.
  Time since last request: 727.168677 seconds.
  path: Assets/Scripts/GameConfig.cs
  artifactKey: Guid(4622c0bfa9ebf9740ae3abdc4d165c5f) Importer(815301076,1909f56bfc062723c751e8b465ee728b)
Start importing Assets/Scripts/GameConfig.cs using Guid(4622c0bfa9ebf9740ae3abdc4d165c5f) Importer(815301076,1909f56bfc062723c751e8b465ee728b)  -> (artifact id: '52372b795cd2423cd53f58588d2ca593') in 0.012406 seconds 
========================================================================
Received Prepare
Registering precompiled user dll's ...
Registered in 0.024813 seconds.
Begin MonoManager ReloadAssembly
Native extension for WindowsStandalone target not found
Refreshing native plugins compatible for Editor in 1.23 ms, found 2 plugins.
Preloading 0 native plugins for Editor in 0.00 ms.
Mono: successfully reloaded assembly
- Completed reload, in  3.256 seconds
Platform modules already initialized, skipping
Refreshing native plugins compatible for Editor in 13.17 ms, found 2 plugins.
Preloading 0 native plugins for Editor in 0.00 ms.
Unloading 3949 Unused Serialized files (Serialized files now loaded: 0)
System memory in use before: 143.7 MB.
System memory in use after: 143.8 MB.

Unloading 22 unused Assets to reduce memory usage. Loaded Objects now: 4416.
Total: 9.167900 ms (FindLiveObjects: 0.591200 ms CreateObjectMapping: 0.566400 ms MarkObjects: 7.818100 ms  DeleteObjects: 0.189200 ms)

========================================================================
Received Import Request.
  Time since last request: 159.317385 seconds.
  path: Assets/Scripts/GameConfig.cs
  artifactKey: Guid(4622c0bfa9ebf9740ae3abdc4d165c5f) Importer(815301076,1909f56bfc062723c751e8b465ee728b)
Start importing Assets/Scripts/GameConfig.cs using Guid(4622c0bfa9ebf9740ae3abdc4d165c5f) Importer(815301076,1909f56bfc062723c751e8b465ee728b)  -> (artifact id: 'a1f59187fd0addfee9563e3bead840a3') in 0.017731 seconds 
========================================================================
Received Import Request.
  Time since last request: 4.135698 seconds.
  path: Assets
  artifactKey: Guid(00000000000000001000000000000000) Importer(815301076,1909f56bfc062723c751e8b465ee728b)
Start importing Assets using Guid(00000000000000001000000000000000) Importer(815301076,1909f56bfc062723c751e8b465ee728b)  -> (artifact id: '42d402b061de3733987d63b9cc3b64de') in 0.016576 seconds 
========================================================================
Received Import Request.
  Time since last request: 4.186384 seconds.
  path: Assets/GameConfig.asset
  artifactKey: Guid(48de24d7bc0d82b45985a636a37848a1) Importer(815301076,1909f56bfc062723c751e8b465ee728b)
Start importing Assets/GameConfig.asset using Guid(48de24d7bc0d82b45985a636a37848a1) Importer(815301076,1909f56bfc062723c751e8b465ee728b)  -> (artifact id: 'cc288f8bd7ce7db243d4e421798ddf0c') in 0.063309 seconds 
========================================================================
Received Prepare
Registering precompiled user dll's ...
Registered in 0.011202 seconds.
Begin MonoManager ReloadAssembly
Native extension for WindowsStandalone target not found
Refreshing native plugins compatible for Editor in 1.42 ms, found 2 plugins.
Preloading 0 native plugins for Editor in 0.00 ms.
Mono: successfully reloaded assembly
- Completed reload, in  4.124 seconds
Platform modules already initialized, skipping
Refreshing native plugins compatible for Editor in 32.96 ms, found 2 plugins.
Preloading 0 native plugins for Editor in 0.00 ms.
Unloading 3949 Unused Serialized files (Serialized files now loaded: 0)
System memory in use before: 143.8 MB.
System memory in use after: 143.9 MB.

Unloading 22 unused Assets to reduce memory usage. Loaded Objects now: 4420.
Total: 5.547000 ms (FindLiveObjects: 0.434000 ms CreateObjectMapping: 0.413600 ms MarkObjects: 4.518800 ms  DeleteObjects: 0.177800 ms)

