Using pre-set license
Built from '2021.1/staging' branch; Version is '2021.1.6f1 (c0fade0cc7e9) revision 12647134'; Using compiler version '192528614'; Build Type 'Release'
OS: 'Windows 10 Pro; OS build 19045.2486; Version 2009; 64bit' Language: 'ru' Physical Memory: 7805 MB
BatchMode: 1, IsHumanControllingUs: 0, StartBugReporterOnCrash: 0, Is64bit: 1, IsPro: 0

 COMMAND LINE ARGUMENTS:
C:\Program Files\Unity 2021.1.6f1\Editor\Unity.exe
-adb2
-batchMode
-noUpm
-name
AssetImportWorker0
-projectPath
G:/Учеба/C#/Unity задачи/Zenject
-logFile
Logs/AssetImportWorker0.log
-srvPort
63317
Successfully changed project path to: G:/Учеба/C#/Unity задачи/Zenject
G:/Учеба/C#/Unity задачи/Zenject
Using Asset Import Pipeline V2.
Refreshing native plugins compatible for Editor in 281.70 ms, found 2 plugins.
Preloading 0 native plugins for Editor in 0.00 ms.
Initialize engine version: 2021.1.6f1 (c0fade0cc7e9)
[Subsystems] Discovering subsystems at path C:/Program Files/Unity 2021.1.6f1/Editor/Data/Resources/UnitySubsystems
[Subsystems] Discovering subsystems at path G:/Учеба/C#/Unity задачи/Zenject/Assets
GfxDevice: creating device client; threaded=0; jobified=0
Direct3D:
    Version:  Direct3D 11.0 [level 11.0]
    Renderer: Intel(R) HD Graphics (ID=0x156)
    Vendor:   Intel
    VRAM:     128 MB
    Driver:   10.18.10.5161
Initialize mono
Mono path[0] = 'C:/Program Files/Unity 2021.1.6f1/Editor/Data/Managed'
Mono path[1] = 'C:/Program Files/Unity 2021.1.6f1/Editor/Data/MonoBleedingEdge/lib/mono/unityjit'
Mono config path = 'C:/Program Files/Unity 2021.1.6f1/Editor/Data/MonoBleedingEdge/etc'
Using monoOptions --debugger-agent=transport=dt_socket,embedding=1,server=y,suspend=n,address=127.0.0.1:56084
Begin MonoManager ReloadAssembly
Registering precompiled unity dll's ...
Register platform support module: C:/Program Files/Unity 2021.1.6f1/Editor/Data/PlaybackEngines/WindowsStandaloneSupport/UnityEditor.WindowsStandalone.Extensions.dll
Registered in 0.005573 seconds.
Native extension for WindowsStandalone target not found
Refreshing native plugins compatible for Editor in 414.10 ms, found 2 plugins.
Preloading 0 native plugins for Editor in 0.00 ms.
Mono: successfully reloaded assembly
- Completed reload, in  3.269 seconds
Platform modules already initialized, skipping
Registering precompiled user dll's ...
Registered in 0.010578 seconds.
Begin MonoManager ReloadAssembly
Native extension for WindowsStandalone target not found
Refreshing native plugins compatible for Editor in 217.56 ms, found 2 plugins.
Preloading 0 native plugins for Editor in 0.00 ms.
Mono: successfully reloaded assembly
- Completed reload, in  3.633 seconds
Platform modules already initialized, skipping
========================================================================
Worker process is ready to serve import requests
Launched and connected shader compiler UnityShaderCompiler.exe after 0.13 seconds
Refreshing native plugins compatible for Editor in 2.14 ms, found 2 plugins.
Preloading 0 native plugins for Editor in 0.00 ms.
Unloading 3965 Unused Serialized files (Serialized files now loaded: 0)
System memory in use before: 144.2 MB.
System memory in use after: 144.3 MB.

Unloading 34 unused Assets to reduce memory usage. Loaded Objects now: 4413.
Total: 5.308300 ms (FindLiveObjects: 0.656500 ms CreateObjectMapping: 0.543700 ms MarkObjects: 3.890500 ms  DeleteObjects: 0.214400 ms)

========================================================================
Received Import Request.
  path: Assets/scr.cs
  artifactKey: Guid(8b12da938260cf14cae512e0241c3302) Importer(815301076,1909f56bfc062723c751e8b465ee728b)
Start importing Assets/scr.cs using Guid(8b12da938260cf14cae512e0241c3302) Importer(815301076,1909f56bfc062723c751e8b465ee728b)  -> (artifact id: '5a8a741df8951913620041f3ea8c97b2') in 0.090551 seconds 
========================================================================
Received Import Request.
  Time since last request: 51971.777841 seconds.
  path: Assets/Objects/finish.png
  artifactKey: Guid(01d06d7dfe0b27241adde3579be8fecb) Importer(815301076,1909f56bfc062723c751e8b465ee728b)
Start importing Assets/Objects/finish.png using Guid(01d06d7dfe0b27241adde3579be8fecb) Importer(815301076,1909f56bfc062723c751e8b465ee728b)  -> (artifact id: '6442e42c5f0ef2fbc43326566bb08a8c') in 0.207907 seconds 
========================================================================
Received Import Request.
  Time since last request: 75.484292 seconds.
  path: Assets/Scripts/GameController.cs
  artifactKey: Guid(d7adf757fd8acaf40bcb66617288a9c6) Importer(815301076,1909f56bfc062723c751e8b465ee728b)
Start importing Assets/Scripts/GameController.cs using Guid(d7adf757fd8acaf40bcb66617288a9c6) Importer(815301076,1909f56bfc062723c751e8b465ee728b)  -> (artifact id: '64be254a5135997eb25ca40ca064db64') in 0.446081 seconds 
========================================================================
Received Import Request.
  Time since last request: 324.892487 seconds.
  path: Assets/Scripts/GameController.cs
  artifactKey: Guid(d7adf757fd8acaf40bcb66617288a9c6) Importer(815301076,1909f56bfc062723c751e8b465ee728b)
Start importing Assets/Scripts/GameController.cs using Guid(d7adf757fd8acaf40bcb66617288a9c6) Importer(815301076,1909f56bfc062723c751e8b465ee728b)  -> (artifact id: '9ef89a16fd8a53fd7aff014dbd5636e5') in 0.013061 seconds 
========================================================================
Received Import Request.
  Time since last request: 295.944662 seconds.
  path: Assets/zen.cs
  artifactKey: Guid(a94cc3dcb3f1a6744b05441a8a01d5bc) Importer(815301076,1909f56bfc062723c751e8b465ee728b)
Start importing Assets/zen.cs using Guid(a94cc3dcb3f1a6744b05441a8a01d5bc) Importer(815301076,1909f56bfc062723c751e8b465ee728b)  -> (artifact id: '30237a618321d45585a5e3ab39fed461') in 0.015998 seconds 
========================================================================
Received Import Request.
  Time since last request: 52.315977 seconds.
  path: Assets/UIC.cs
  artifactKey: Guid(49f0dbe9d3191c14b83e326c960208bb) Importer(815301076,1909f56bfc062723c751e8b465ee728b)
Start importing Assets/UIC.cs using Guid(49f0dbe9d3191c14b83e326c960208bb) Importer(815301076,1909f56bfc062723c751e8b465ee728b)  -> (artifact id: '2b1c9efaefbd8a887a322cd68f9c28b3') in 0.006472 seconds 
